<?xml version="1.0" encoding="UTF-8"?>
<!-- Generated by org.testng.reporters.JUnitReportReporter -->
<testsuite skipped="0" hostname="dt22" name="TestScripts.ParameterComment" tests="5" failures="0" timestamp="29 Sep 2020 04:56:41 GMT" time="37.115" errors="0">
  <testcase name="ReadLogin" time="4.032" classname="TestScripts.ParameterComment"/>
  <testcase name="createParameter" time="12.700" classname="TestScripts.ParameterComment"/>
  <testcase name="enterComment" time="15.946" classname="TestScripts.ParameterComment"/>
  <testcase name="verifyenterComment" time="3.205" classname="TestScripts.ParameterComment"/>
  <testcase name="deleteParameter" time="1.232" classname="TestScripts.ParameterComment"/>
</testsuite> <!-- TestScripts.ParameterComment -->
