<?xml version="1.0" encoding="UTF-8"?>
<!-- Generated by org.testng.reporters.JUnitReportReporter -->
<testsuite skipped="0" hostname="dt22" name="TestScripts.UpdateAttribute" tests="9" failures="0" timestamp="16 Sep 2020 05:29:16 GMT" time="45.381" errors="0">
  <testcase name="ReadLogin" time="4.078" classname="TestScripts.UpdateAttribute"/>
  <testcase name="AttributeExcel" time="0.354" classname="TestScripts.UpdateAttribute"/>
  <testcase name="createAttributeGroup" time="4.724" classname="TestScripts.UpdateAttribute"/>
  <testcase name="verifyAttributeGroup" time="2.657" classname="TestScripts.UpdateAttribute"/>
  <testcase name="UpdateAttributeGroup" time="3.352" classname="TestScripts.UpdateAttribute"/>
  <testcase name="createAttributelist" time="4.810" classname="TestScripts.UpdateAttribute"/>
  <testcase name="UpdateAttributeList" time="8.593" classname="TestScripts.UpdateAttribute"/>
  <testcase name="verifyAttributeList" time="12.134" classname="TestScripts.UpdateAttribute"/>
  <testcase name="deleteAttribute" time="4.679" classname="TestScripts.UpdateAttribute"/>
</testsuite> <!-- TestScripts.UpdateAttribute -->
