<?xml version="1.0" encoding="UTF-8"?>
<!-- Generated by org.testng.reporters.JUnitReportReporter -->
<testsuite skipped="0" hostname="dt22" name="Common.DBTest" tests="1" failures="0" timestamp="19 Aug 2020 07:01:01 GMT" time="0.134" errors="0">
  <testcase name="dbTest" time="0.134" classname="Common.DBTest"/>
</testsuite> <!-- Common.DBTest -->
