<?xml version="1.0" encoding="UTF-8"?>
<!-- Generated by org.testng.reporters.JUnitReportReporter -->
<testsuite skipped="0" hostname="dt22" name="TestScripts.CreateParameter" tests="7" failures="0" timestamp="27 Sep 2020 05:14:34 GMT" time="52.245" errors="0">
  <testcase name="ReadLogin" time="4.515" classname="TestScripts.CreateParameter"/>
  <testcase name="ExcelParameter" time="0.193" classname="TestScripts.CreateParameter"/>
  <testcase name="createParameter" time="13.703" classname="TestScripts.CreateParameter"/>
  <testcase name="verifyParameter" time="1.306" classname="TestScripts.CreateParameter"/>
  <testcase name="createversion" time="24.827" classname="TestScripts.CreateParameter"/>
  <testcase name="verifyParameterVersion" time="4.942" classname="TestScripts.CreateParameter"/>
  <testcase name="deleteParameter" time="2.759" classname="TestScripts.CreateParameter"/>
</testsuite> <!-- TestScripts.CreateParameter -->
