<?xml version="1.0" encoding="UTF-8"?>
<!-- Generated by org.testng.reporters.JUnitReportReporter -->
<testsuite skipped="0" hostname="dt22" name="TestScripts.ParameterAttributeTarget" tests="6" failures="0" timestamp="30 Sep 2020 12:26:56 GMT" time="32.595" errors="0">
  <testcase name="ReadLogin" time="4.344" classname="TestScripts.ParameterAttributeTarget"/>
  <testcase name="AttributeExcel" time="0.535" classname="TestScripts.ParameterAttributeTarget"/>
  <testcase name="createAttributeGroup" time="5.092" classname="TestScripts.ParameterAttributeTarget"/>
  <testcase name="createAttributelist" time="4.581" classname="TestScripts.ParameterAttributeTarget"/>
  <testcase name="createParameter" time="17.165" classname="TestScripts.ParameterAttributeTarget"/>
  <testcase name="delete" time="0.878" classname="TestScripts.ParameterAttributeTarget"/>
</testsuite> <!-- TestScripts.ParameterAttributeTarget -->
