<?xml version="1.0" encoding="UTF-8"?>
<!-- Generated by org.testng.reporters.JUnitReportReporter -->
<testsuite skipped="0" hostname="dt22" name="Common.example" tests="1" failures="0" timestamp="14 Aug 2020 06:55:44 GMT" time="13.739" errors="0">
  <testcase name="SelectDateFromKendoCalendar" time="13.739" classname="Common.example"/>
</testsuite> <!-- Common.example -->
