<?xml version="1.0" encoding="UTF-8"?>
<!-- Generated by org.testng.reporters.JUnitReportReporter -->
<testsuite skipped="0" hostname="dt22" name="TestScripts.ItemTS" tests="1" failures="0" timestamp="03 Aug 2020 11:57:47 GMT" time="6.382" errors="0">
  <testcase name="LoginTS" time="6.382" classname="TestScripts.ItemTS"/>
</testsuite> <!-- TestScripts.ItemTS -->
