<?xml version="1.0" encoding="UTF-8"?>
<!-- Generated by org.testng.reporters.JUnitReportReporter -->
<testsuite skipped="0" hostname="dt22" name="TestScripts.Tag" tests="2" failures="0" timestamp="01 Sep 2020 12:05:32 GMT" time="25.226" errors="0">
  <testcase name="ReadLogin" time="0.145" classname="TestScripts.Tag"/>
  <testcase name="createTag" time="25.081" classname="TestScripts.Tag"/>
</testsuite> <!-- TestScripts.Tag -->
