<?xml version="1.0" encoding="UTF-8"?>
<!-- Generated by org.testng.reporters.JUnitReportReporter -->
<testsuite skipped="0" hostname="dt22" name="Common.Master" tests="2" failures="0" timestamp="06 Aug 2020 07:37:53 GMT" time="7.060" errors="0">
  <testcase name="Entervalues" time="7.060" classname="Common.Master"/>
  <testcase name="CheckImageMaster" time="0.000" classname="Common.Master"/>
</testsuite> <!-- Common.Master -->
