<?xml version="1.0" encoding="UTF-8"?>
<!-- Generated by org.testng.reporters.JUnitReportReporter -->
<testsuite skipped="0" hostname="dt22" name="Common.loginbase" tests="1" failures="0" timestamp="24 Sep 2020 09:53:48 GMT" time="0.265" errors="0">
  <testcase name="ReadLogin" time="0.265" classname="Common.loginbase"/>
</testsuite> <!-- Common.loginbase -->
