<?xml version="1.0" encoding="UTF-8"?>
<!-- Generated by org.testng.reporters.JUnitReportReporter -->
<testsuite skipped="0" hostname="dt22" name="TestScripts.Itemcomment" tests="5" failures="0" timestamp="29 Sep 2020 04:54:15 GMT" time="44.159" errors="0">
  <testcase name="ReadLogin" time="4.024" classname="TestScripts.Itemcomment"/>
  <testcase name="createItem" time="10.270" classname="TestScripts.Itemcomment"/>
  <testcase name="enterComment" time="13.727" classname="TestScripts.Itemcomment"/>
  <testcase name="verifyenterComment" time="7.764" classname="TestScripts.Itemcomment"/>
  <testcase name="deleteItem" time="8.374" classname="TestScripts.Itemcomment"/>
</testsuite> <!-- TestScripts.Itemcomment -->
