<?xml version="1.0" encoding="UTF-8"?>
<!-- Generated by org.testng.reporters.JUnitReportReporter -->
<testsuite skipped="0" hostname="dt22" name="Common.EditWriteExcel" tests="2" failures="0" timestamp="11 Sep 2020 10:27:52 GMT" time="16.804" errors="0">
  <testcase name="ReadLogin" time="3.878" classname="Common.EditWriteExcel"/>
  <testcase name="writeItemExcel" time="12.926" classname="Common.EditWriteExcel"/>
</testsuite> <!-- Common.EditWriteExcel -->
