<?xml version="1.0" encoding="UTF-8"?>
<!-- Generated by org.testng.reporters.JUnitReportReporter -->
<testsuite skipped="0" hostname="dt22" name="TestScripts.UpdateTag" tests="9" failures="0" timestamp="15 Sep 2020 12:08:06 GMT" time="72.545" errors="0">
  <testcase name="ReadLogin" time="4.392" classname="TestScripts.UpdateTag"/>
  <testcase name="TagExcel" time="0.321" classname="TestScripts.UpdateTag"/>
  <testcase name="createTaggroup" time="9.120" classname="TestScripts.UpdateTag"/>
  <testcase name="UpdateTagGroup" time="6.039" classname="TestScripts.UpdateTag"/>
  <testcase name="VerifyTagGroup" time="0.560" classname="TestScripts.UpdateTag"/>
  <testcase name="CreateTaglist" time="17.590" classname="TestScripts.UpdateTag"/>
  <testcase name="UpdateTagList" time="17.624" classname="TestScripts.UpdateTag"/>
  <testcase name="VerifyTaglist" time="12.233" classname="TestScripts.UpdateTag"/>
  <testcase name="deleteTag" time="4.666" classname="TestScripts.UpdateTag"/>
</testsuite> <!-- TestScripts.UpdateTag -->
