<?xml version="1.0" encoding="UTF-8"?>
<!-- Generated by org.testng.reporters.JUnitReportReporter -->
<testsuite skipped="0" hostname="dt22" name="TestScripts.RecipeTag" tests="8" failures="0" timestamp="23 Sep 2020 07:19:13 GMT" time="47.600" errors="0">
  <testcase name="ReadLogin" time="0.232" classname="TestScripts.RecipeTag"/>
  <testcase name="createTaggroup" time="7.907" classname="TestScripts.RecipeTag"/>
  <testcase name="CreateTaglist" time="16.488" classname="TestScripts.RecipeTag"/>
  <testcase name="createRecipe" time="3.131" classname="TestScripts.RecipeTag"/>
  <testcase name="selectTag" time="7.676" classname="TestScripts.RecipeTag"/>
  <testcase name="VerifyselectTag" time="0.272" classname="TestScripts.RecipeTag"/>
  <testcase name="deselectTag" time="11.780" classname="TestScripts.RecipeTag"/>
  <testcase name="VerifydeselectTag" time="0.114" classname="TestScripts.RecipeTag"/>
</testsuite> <!-- TestScripts.RecipeTag -->
