<?xml version="1.0" encoding="UTF-8"?>
<!-- Generated by org.testng.reporters.JUnitReportReporter -->
<testsuite skipped="0" hostname="dt22" name="TestScripts.RecipeAttribute" tests="9" failures="0" timestamp="21 Sep 2020 12:41:46 GMT" time="36.171" errors="0">
  <testcase name="ReadLogin" time="4.183" classname="TestScripts.RecipeAttribute"/>
  <testcase name="Excel" time="0.623" classname="TestScripts.RecipeAttribute"/>
  <testcase name="createAttributeGroup" time="4.876" classname="TestScripts.RecipeAttribute"/>
  <testcase name="createAttributelist" time="4.346" classname="TestScripts.RecipeAttribute"/>
  <testcase name="createRecipe" time="3.062" classname="TestScripts.RecipeAttribute"/>
  <testcase name="selectAttribute" time="11.688" classname="TestScripts.RecipeAttribute"/>
  <testcase name="VerifyselectAttribute" time="0.122" classname="TestScripts.RecipeAttribute"/>
  <testcase name="VerifyupdateselectAttribute" time="3.522" classname="TestScripts.RecipeAttribute"/>
  <testcase name="UpdateSelectAttribute" time="3.749" classname="TestScripts.RecipeAttribute"/>
</testsuite> <!-- TestScripts.RecipeAttribute -->
