<?xml version="1.0" encoding="UTF-8"?>
<!-- Generated by org.testng.reporters.JUnitReportReporter -->
<testsuite skipped="0" hostname="dt22" name="Common.LoginExcel" tests="1" failures="0" timestamp="14 Sep 2020 09:17:32 GMT" time="1.100" errors="0">
  <testcase name="setbaseurl1" time="1.100" classname="Common.LoginExcel"/>
</testsuite> <!-- Common.LoginExcel -->
