<?xml version="1.0" encoding="UTF-8"?>
<!-- Generated by org.testng.reporters.JUnitReportReporter -->
<testsuite skipped="0" hostname="dt22" name="TestScripts.CreateAttribute" tests="7" failures="0" timestamp="21 Sep 2020 11:35:53 GMT" time="31.784" errors="0">
  <testcase name="ReadLogin" time="3.933" classname="TestScripts.CreateAttribute"/>
  <testcase name="AttributeExcel" time="0.213" classname="TestScripts.CreateAttribute"/>
  <testcase name="createAttributeGroup" time="6.772" classname="TestScripts.CreateAttribute"/>
  <testcase name="verifyAttributeGroup" time="0.955" classname="TestScripts.CreateAttribute"/>
  <testcase name="createAttributelist" time="3.967" classname="TestScripts.CreateAttribute"/>
  <testcase name="verifyAttributeList" time="11.927" classname="TestScripts.CreateAttribute"/>
  <testcase name="deleteAttribute" time="4.017" classname="TestScripts.CreateAttribute"/>
</testsuite> <!-- TestScripts.CreateAttribute -->
