<?xml version="1.0" encoding="UTF-8"?>
<!-- Generated by org.testng.reporters.JUnitReportReporter -->
<testsuite skipped="0" hostname="dt22" name="TestScripts.update" tests="2" failures="0" timestamp="26 Aug 2020 12:14:27 GMT" time="9.343" errors="0">
  <testcase name="updateItem" time="3.499" classname="TestScripts.update"/>
  <testcase name="ReadLogin" time="5.844" classname="TestScripts.update"/>
</testsuite> <!-- TestScripts.update -->
