<?xml version="1.0" encoding="UTF-8"?>
<!-- Generated by org.testng.reporters.JUnitReportReporter -->
<testsuite skipped="0" hostname="dt22" name="TestScripts.CreateRecipe" tests="9" failures="0" timestamp="21 Sep 2020 09:01:51 GMT" time="49.248" errors="0">
  <testcase name="ReadLogin" time="3.987" classname="TestScripts.CreateRecipe"/>
  <testcase name="RecipeExcel" time="0.314" classname="TestScripts.CreateRecipe"/>
  <testcase name="createRecipe" time="8.796" classname="TestScripts.CreateRecipe"/>
  <testcase name="VerifyRecipe" time="4.054" classname="TestScripts.CreateRecipe"/>
  <testcase name="Recipeparentsection" time="3.135" classname="TestScripts.CreateRecipe"/>
  <testcase name="verifyparentsection" time="7.248" classname="TestScripts.CreateRecipe"/>
  <testcase name="Recipechildsection" time="8.450" classname="TestScripts.CreateRecipe"/>
  <testcase name="verifychildsection" time="8.848" classname="TestScripts.CreateRecipe"/>
  <testcase name="deleterecipe" time="4.416" classname="TestScripts.CreateRecipe"/>
</testsuite> <!-- TestScripts.CreateRecipe -->
