<?xml version="1.0" encoding="UTF-8"?>
<!-- Generated by org.testng.reporters.JUnitReportReporter -->
<testsuite skipped="0" hostname="dt22" name="TestScripts.ParameterAttribute" tests="9" failures="0" timestamp="28 Sep 2020 12:01:15 GMT" time="47.809" errors="0">
  <testcase name="ReadLogin" time="4.124" classname="TestScripts.ParameterAttribute"/>
  <testcase name="Excel" time="0.544" classname="TestScripts.ParameterAttribute"/>
  <testcase name="createAttribute" time="9.097" classname="TestScripts.ParameterAttribute"/>
  <testcase name="createParameter" time="10.686" classname="TestScripts.ParameterAttribute"/>
  <testcase name="selectAttribute" time="11.279" classname="TestScripts.ParameterAttribute"/>
  <testcase name="VerifyselectAttribute" time="0.217" classname="TestScripts.ParameterAttribute"/>
  <testcase name="VerifyupdateselectAttribute" time="7.597" classname="TestScripts.ParameterAttribute"/>
  <testcase name="UpdateSelectAttribute" time="3.620" classname="TestScripts.ParameterAttribute"/>
  <testcase name="delete" time="0.645" classname="TestScripts.ParameterAttribute"/>
</testsuite> <!-- TestScripts.ParameterAttribute -->
