<?xml version="1.0" encoding="UTF-8"?>
<!-- Generated by org.testng.reporters.JUnitReportReporter -->
<testsuite skipped="0" hostname="dt22" name="TestScripts.RecipeAttributetarget" tests="6" failures="0" timestamp="30 Sep 2020 11:05:04 GMT" time="28.874" errors="0">
  <testcase name="ReadLogin" time="4.520" classname="TestScripts.RecipeAttributetarget"/>
  <testcase name="AttributeExcel" time="0.565" classname="TestScripts.RecipeAttributetarget"/>
  <testcase name="createAttributeGroup" time="6.247" classname="TestScripts.RecipeAttributetarget"/>
  <testcase name="createAttributelist" time="4.310" classname="TestScripts.RecipeAttributetarget"/>
  <testcase name="createRecipe" time="8.707" classname="TestScripts.RecipeAttributetarget"/>
  <testcase name="delete" time="4.525" classname="TestScripts.RecipeAttributetarget"/>
</testsuite> <!-- TestScripts.RecipeAttributetarget -->
