<?xml version="1.0" encoding="UTF-8"?>
<!-- Generated by org.testng.reporters.JUnitReportReporter -->
<testsuite skipped="0" hostname="dt22" name="TestScripts.ParameterRecipe" tests="5" failures="0" timestamp="28 Sep 2020 11:22:48 GMT" time="51.190" errors="0">
  <testcase name="ReadLogin" time="4.015" classname="TestScripts.ParameterRecipe"/>
  <testcase name="RecipeExcel" time="0.217" classname="TestScripts.ParameterRecipe"/>
  <testcase name="createRecipe" time="20.451" classname="TestScripts.ParameterRecipe"/>
  <testcase name="createParameter" time="11.057" classname="TestScripts.ParameterRecipe"/>
  <testcase name="createParametersections" time="15.450" classname="TestScripts.ParameterRecipe"/>
</testsuite> <!-- TestScripts.ParameterRecipe -->
