<?xml version="1.0" encoding="UTF-8"?>
<!-- Generated by org.testng.reporters.JUnitReportReporter -->
<testsuite skipped="0" hostname="dt22" name="TestScripts.CreateTag" tests="6" failures="0" timestamp="15 Sep 2020 10:49:20 GMT" time="45.467" errors="0">
  <testcase name="ReadLogin" time="3.934" classname="TestScripts.CreateTag"/>
  <testcase name="createTaggroup" time="7.808" classname="TestScripts.CreateTag"/>
  <testcase name="VerifyTaggroup" time="0.552" classname="TestScripts.CreateTag"/>
  <testcase name="CreateTaglist" time="16.693" classname="TestScripts.CreateTag"/>
  <testcase name="verifyTaglist" time="12.176" classname="TestScripts.CreateTag"/>
  <testcase name="deleteItem" time="4.304" classname="TestScripts.CreateTag"/>
</testsuite> <!-- TestScripts.CreateTag -->
