<?xml version="1.0" encoding="UTF-8"?>
<!-- Generated by org.testng.reporters.JUnitReportReporter -->
<testsuite skipped="0" hostname="dt22" name="TestScripts.RecipeComment" tests="5" failures="0" timestamp="29 Sep 2020 04:51:14 GMT" time="33.071" errors="0">
  <testcase name="ReadLogin" time="4.004" classname="TestScripts.RecipeComment"/>
  <testcase name="createRecipe" time="7.128" classname="TestScripts.RecipeComment"/>
  <testcase name="enterComment" time="13.162" classname="TestScripts.RecipeComment"/>
  <testcase name="verifyenterComment" time="4.527" classname="TestScripts.RecipeComment"/>
  <testcase name="deleterecipe" time="4.250" classname="TestScripts.RecipeComment"/>
</testsuite> <!-- TestScripts.RecipeComment -->
