<?xml version="1.0" encoding="UTF-8"?>
<!-- Generated by org.testng.reporters.JUnitReportReporter -->
<testsuite skipped="0" hostname="dt22" name="TestScripts.CreateItem" tests="4" failures="0" timestamp="16 Sep 2020 09:42:25 GMT" time="20.869" errors="0">
  <testcase name="ReadLogin" time="4.015" classname="TestScripts.CreateItem"/>
  <testcase name="createItem" time="9.570" classname="TestScripts.CreateItem"/>
  <testcase name="VerifyItem" time="1.711" classname="TestScripts.CreateItem"/>
  <testcase name="deleteItem" time="5.573" classname="TestScripts.CreateItem"/>
</testsuite> <!-- TestScripts.CreateItem -->
