<?xml version="1.0" encoding="UTF-8"?>
<!-- Generated by org.testng.reporters.JUnitReportReporter -->
<testsuite skipped="0" hostname="dt22" name="TestScripts.BatchAttributeTarget" tests="8" failures="0" timestamp="05 Oct 2020 09:14:55 GMT" time="132.745" errors="0">
  <testcase name="ReadLogin" time="5.102" classname="TestScripts.BatchAttributeTarget"/>
  <testcase name="createAttributeGroup" time="11.408" classname="TestScripts.BatchAttributeTarget"/>
  <testcase name="createItem" time="11.322" classname="TestScripts.BatchAttributeTarget"/>
  <testcase name="createRecipe" time="24.239" classname="TestScripts.BatchAttributeTarget"/>
  <testcase name="createParameter" time="56.075" classname="TestScripts.BatchAttributeTarget"/>
  <testcase name="createbatch" time="15.234" classname="TestScripts.BatchAttributeTarget"/>
  <testcase name="batchAttributeverify" time="7.828" classname="TestScripts.BatchAttributeTarget"/>
  <testcase name="delete" time="1.537" classname="TestScripts.BatchAttributeTarget"/>
</testsuite> <!-- TestScripts.BatchAttributeTarget -->
