<?xml version="1.0" encoding="UTF-8"?>
<!-- Generated by org.testng.reporters.JUnitReportReporter -->
<testsuite skipped="0" hostname="dt22" name="TestScripts.UpdateRecipe" tests="12" failures="0" timestamp="21 Sep 2020 09:00:18 GMT" time="75.948" errors="0">
  <testcase name="ReadLogin" time="4.511" classname="TestScripts.UpdateRecipe"/>
  <testcase name="RecipeExcel" time="0.284" classname="TestScripts.UpdateRecipe"/>
  <testcase name="createRecipe" time="10.804" classname="TestScripts.UpdateRecipe"/>
  <testcase name="updateRecipe" time="7.091" classname="TestScripts.UpdateRecipe"/>
  <testcase name="VerifyRecipe" time="0.529" classname="TestScripts.UpdateRecipe"/>
  <testcase name="CreateRecipeparentsection" time="2.943" classname="TestScripts.UpdateRecipe"/>
  <testcase name="UpdateRecipeparentsection" time="5.724" classname="TestScripts.UpdateRecipe"/>
  <testcase name="verifyupdateparentsection" time="7.389" classname="TestScripts.UpdateRecipe"/>
  <testcase name="CreateRecipechildsection" time="8.189" classname="TestScripts.UpdateRecipe"/>
  <testcase name="UpdateRecipechildsection" time="11.867" classname="TestScripts.UpdateRecipe"/>
  <testcase name="verifyupdatedchildsection" time="12.099" classname="TestScripts.UpdateRecipe"/>
  <testcase name="deleterecipe" time="4.518" classname="TestScripts.UpdateRecipe"/>
</testsuite> <!-- TestScripts.UpdateRecipe -->
