<?xml version="1.0" encoding="UTF-8"?>
<!-- Generated by org.testng.reporters.JUnitReportReporter -->
<testsuite skipped="0" hostname="dt22" name="TestScripts.ItemAttribute" tests="10" failures="0" timestamp="25 Sep 2020 04:10:04 GMT" time="52.335" errors="0">
  <testcase name="ReadLogin" time="3.990" classname="TestScripts.ItemAttribute"/>
  <testcase name="Excel" time="0.657" classname="TestScripts.ItemAttribute"/>
  <testcase name="createAttributeGroup" time="5.367" classname="TestScripts.ItemAttribute"/>
  <testcase name="createAttributelist" time="4.166" classname="TestScripts.ItemAttribute"/>
  <testcase name="createItem" time="9.726" classname="TestScripts.ItemAttribute"/>
  <testcase name="selectAttribute" time="11.099" classname="TestScripts.ItemAttribute"/>
  <testcase name="VerifyselectAttribute" time="0.142" classname="TestScripts.ItemAttribute"/>
  <testcase name="VerifyupdateselectAttribute" time="7.455" classname="TestScripts.ItemAttribute"/>
  <testcase name="UpdateSelectAttribute" time="3.684" classname="TestScripts.ItemAttribute"/>
  <testcase name="delete" time="6.049" classname="TestScripts.ItemAttribute"/>
</testsuite> <!-- TestScripts.ItemAttribute -->
