<?xml version="1.0" encoding="UTF-8"?>
<!-- Generated by org.testng.reporters.JUnitReportReporter -->
<testsuite skipped="0" hostname="dt22" name="TestScripts.ItemTag" tests="9" failures="0" timestamp="05 Oct 2020 05:57:45 GMT" time="74.812" errors="0">
  <testcase name="ReadLogin" time="4.309" classname="TestScripts.ItemTag"/>
  <testcase name="createTaggroup" time="10.135" classname="TestScripts.ItemTag"/>
  <testcase name="CreateTaglist" time="16.554" classname="TestScripts.ItemTag"/>
  <testcase name="createItem" time="11.677" classname="TestScripts.ItemTag"/>
  <testcase name="selectTag" time="9.769" classname="TestScripts.ItemTag"/>
  <testcase name="VerifyselectTag" time="0.117" classname="TestScripts.ItemTag"/>
  <testcase name="deselectTag" time="11.681" classname="TestScripts.ItemTag"/>
  <testcase name="VerifydeselectTag" time="4.512" classname="TestScripts.ItemTag"/>
  <testcase name="delete" time="6.058" classname="TestScripts.ItemTag"/>
</testsuite> <!-- TestScripts.ItemTag -->
