<?xml version="1.0" encoding="UTF-8"?>
<!-- Generated by org.testng.reporters.JUnitReportReporter -->
<testsuite skipped="0" hostname="dt22" name="TestScripts.UpdateParameter" tests="9" failures="0" timestamp="28 Sep 2020 06:05:26 GMT" time="68.702" errors="0">
  <testcase name="ReadLogin" time="4.017" classname="TestScripts.UpdateParameter"/>
  <testcase name="ExcelParameter" time="0.428" classname="TestScripts.UpdateParameter"/>
  <testcase name="createParameter" time="5.706" classname="TestScripts.UpdateParameter"/>
  <testcase name="updateParameter" time="8.103" classname="TestScripts.UpdateParameter"/>
  <testcase name="validateParameter" time="0.760" classname="TestScripts.UpdateParameter"/>
  <testcase name="createversion" time="23.492" classname="TestScripts.UpdateParameter"/>
  <testcase name="Updateversion" time="21.550" classname="TestScripts.UpdateParameter"/>
  <testcase name="verifyupdateParameterVersion" time="4.319" classname="TestScripts.UpdateParameter"/>
  <testcase name="deleteParameter" time="0.327" classname="TestScripts.UpdateParameter"/>
</testsuite> <!-- TestScripts.UpdateParameter -->
