<?xml version="1.0" encoding="UTF-8"?>
<!-- Generated by org.testng.reporters.JUnitReportReporter -->
<testsuite skipped="0" hostname="dt22" name="TestScripts.ItemAttributeTarget" tests="6" failures="0" timestamp="30 Sep 2020 10:50:24 GMT" time="76.121" errors="0">
  <testcase name="ReadLogin" time="4.973" classname="TestScripts.ItemAttributeTarget"/>
  <testcase name="AttributeExcel" time="0.209" classname="TestScripts.ItemAttributeTarget"/>
  <testcase name="createAttributeGroup" time="6.091" classname="TestScripts.ItemAttributeTarget"/>
  <testcase name="createAttributelist" time="4.544" classname="TestScripts.ItemAttributeTarget"/>
  <testcase name="createItem" time="19.211" classname="TestScripts.ItemAttributeTarget"/>
  <testcase name="delete" time="41.093" classname="TestScripts.ItemAttributeTarget"/>
</testsuite> <!-- TestScripts.ItemAttributeTarget -->
