<?xml version="1.0" encoding="UTF-8"?>
<!-- Generated by org.testng.reporters.JUnitReportReporter -->
<testsuite skipped="0" hostname="dt22" name="TestScripts.ParameterTag" tests="9" failures="0" timestamp="28 Sep 2020 12:32:01 GMT" time="72.032" errors="0">
  <testcase name="ReadLogin" time="4.194" classname="TestScripts.ParameterTag"/>
  <testcase name="createTaggroup" time="8.440" classname="TestScripts.ParameterTag"/>
  <testcase name="CreateTaglist" time="16.756" classname="TestScripts.ParameterTag"/>
  <testcase name="createParameter" time="11.307" classname="TestScripts.ParameterTag"/>
  <testcase name="selectTag" time="14.504" classname="TestScripts.ParameterTag"/>
  <testcase name="VerifyselectTag" time="0.135" classname="TestScripts.ParameterTag"/>
  <testcase name="deselectTag" time="11.587" classname="TestScripts.ParameterTag"/>
  <testcase name="VerifydeselectTag" time="4.497" classname="TestScripts.ParameterTag"/>
  <testcase name="delete" time="0.612" classname="TestScripts.ParameterTag"/>
</testsuite> <!-- TestScripts.ParameterTag -->
