<?xml version="1.0" encoding="UTF-8"?>
<!-- Generated by org.testng.reporters.JUnitReportReporter -->
<testsuite skipped="0" hostname="dt22" name="TestScripts.Batchcreation" tests="6" failures="0" timestamp="05 Oct 2020 08:43:25 GMT" time="126.560" errors="0">
  <testcase name="ReadLogin" time="6.846" classname="TestScripts.Batchcreation"/>
  <testcase name="createItem" time="26.450" classname="TestScripts.Batchcreation"/>
  <testcase name="createRecipe" time="22.023" classname="TestScripts.Batchcreation"/>
  <testcase name="createParameter" time="47.865" classname="TestScripts.Batchcreation"/>
  <testcase name="createbatch" time="21.806" classname="TestScripts.Batchcreation"/>
  <testcase name="delete" time="1.570" classname="TestScripts.Batchcreation"/>
</testsuite> <!-- TestScripts.Batchcreation -->
